[
  {
    "line": 1,
    "elements": [
      {
        "line": 10,
        "name": "Successful Login with Valid Credentials",
        "description": "",
        "id": "login-action;successful-login-with-valid-credentials;;2",
        "type": "scenario",
        "keyword": "Scenario Outline",
        "steps": [
          {
            "result": {
              "duration": 16924002316,
              "status": "passed"
            },
            "line": 4,
            "name": "User is on Home Page",
            "match": {
              "location": "parameterTest.user_is_on_Home_Page()"
            },
            "keyword": "Given "
          },
          {
            "result": {
              "duration": 2614485080,
              "status": "passed"
            },
            "line": 5,
            "name": "User Navigate to LogIn Page",
            "match": {
              "location": "parameterTest.user_Navigate_to_LogIn_Page()"
            },
            "keyword": "When "
          },
          {
            "result": {
              "duration": 106202775,
              "error_message": "org.openqa.selenium.WebDriverException: unknown error: call function result missing \u0027value\u0027\n  (Session info: chrome\u003d65.0.3325.181)\n  (Driver info: chromedriver\u003d2.30.477700 (0057494ad8732195794a7b32078424f92a5fce41),platform\u003dWindows NT 6.3.9600 x86_64) (WARNING: The server did not provide any stacktrace information)\nCommand duration or timeout: 0 milliseconds\nBuild info: version: \u00273.5.3\u0027, revision: \u0027a88d25fe6b\u0027, time: \u00272017-08-29T12:42:44.417Z\u0027\nSystem info: host: \u0027DELL\u0027, ip: \u0027192.168.1.25\u0027, os.name: \u0027Windows 8.1\u0027, os.arch: \u0027amd64\u0027, os.version: \u00276.3\u0027, java.version: \u00271.8.0_121\u0027\nDriver info: org.openqa.selenium.chrome.ChromeDriver\nCapabilities [{applicationCacheEnabled\u003dfalse, rotatable\u003dfalse, mobileEmulationEnabled\u003dfalse, networkConnectionEnabled\u003dfalse, chrome\u003d{chromedriverVersion\u003d2.30.477700 (0057494ad8732195794a7b32078424f92a5fce41), userDataDir\u003dC:\\Windows\\TEMP\\scoped_dir8860_7370}, takesHeapSnapshot\u003dtrue, pageLoadStrategy\u003dnormal, unhandledPromptBehavior\u003d, databaseEnabled\u003dfalse, handlesAlerts\u003dtrue, hasTouchScreen\u003dfalse, version\u003d65.0.3325.181, platform\u003dWIN8_1, browserConnectionEnabled\u003dfalse, nativeEvents\u003dtrue, acceptSslCerts\u003dtrue, locationContextEnabled\u003dtrue, webStorageEnabled\u003dtrue, browserName\u003dchrome, takesScreenshot\u003dtrue, javascriptEnabled\u003dtrue, platformName\u003dWIN8_1, cssSelectorsEnabled\u003dtrue, unexpectedAlertBehaviour\u003d}]\nSession ID: 506fe50f327b225188c5addb84ef70b8\r\n\tat sun.reflect.NativeConstructorAccessorImpl.newInstance0(Native Method)\r\n\tat sun.reflect.NativeConstructorAccessorImpl.newInstance(Unknown Source)\r\n\tat sun.reflect.DelegatingConstructorAccessorImpl.newInstance(Unknown Source)\r\n\tat java.lang.reflect.Constructor.newInstance(Unknown Source)\r\n\tat org.openqa.selenium.remote.ErrorHandler.createThrowable(ErrorHandler.java:215)\r\n\tat org.openqa.selenium.remote.ErrorHandler.throwIfResponseFailed(ErrorHandler.java:167)\r\n\tat org.openqa.selenium.remote.http.JsonHttpResponseCodec.reconstructValue(JsonHttpResponseCodec.java:40)\r\n\tat org.openqa.selenium.remote.http.AbstractHttpResponseCodec.decode(AbstractHttpResponseCodec.java:82)\r\n\tat org.openqa.selenium.remote.http.AbstractHttpResponseCodec.decode(AbstractHttpResponseCodec.java:45)\r\n\tat org.openqa.selenium.remote.HttpCommandExecutor.execute(HttpCommandExecutor.java:164)\r\n\tat org.openqa.selenium.remote.service.DriverCommandExecutor.execute(DriverCommandExecutor.java:82)\r\n\tat org.openqa.selenium.remote.RemoteWebDriver.execute(RemoteWebDriver.java:646)\r\n\tat org.openqa.selenium.remote.RemoteWebElement.execute(RemoteWebElement.java:275)\r\n\tat org.openqa.selenium.remote.RemoteWebElement.sendKeys(RemoteWebElement.java:99)\r\n\tat com.stepdef.parameterTest.user_enters_UserName_and_Password(parameterTest.java:32)\r\n\tat ✽.And User enters \"testuser_1\" and \"Test@153\"(parameter.feature:6)\r\n",
              "status": "failed"
            },
            "line": 6,
            "name": "User enters \"testuser_1\" and \"Test@153\"",
            "match": {
              "arguments": [
                {
                  "val": "testuser_1",
                  "offset": 13
                },
                {
                  "val": "Test@153",
                  "offset": 30
                }
              ],
              "location": "parameterTest.user_enters_UserName_and_Password(String,String)"
            },
            "matchedColumns": [
              0,
              1
            ],
            "keyword": "And "
          },
          {
            "result": {
              "status": "skipped"
            },
            "line": 7,
            "name": "Message displayed Login Successfully",
            "match": {
              "location": "parameterTest.message_displayed_Login_Successfully()"
            },
            "keyword": "Then "
          }
        ]
      },
      {
        "line": 11,
        "name": "Successful Login with Valid Credentials",
        "description": "",
        "id": "login-action;successful-login-with-valid-credentials;;3",
        "type": "scenario",
        "keyword": "Scenario Outline",
        "steps": [
          {
            "result": {
              "duration": 15583826848,
              "status": "passed"
            },
            "line": 4,
            "name": "User is on Home Page",
            "match": {
              "location": "parameterTest.user_is_on_Home_Page()"
            },
            "keyword": "Given "
          },
          {
            "result": {
              "duration": 5139343799,
              "status": "passed"
            },
            "line": 5,
            "name": "User Navigate to LogIn Page",
            "match": {
              "location": "parameterTest.user_Navigate_to_LogIn_Page()"
            },
            "keyword": "When "
          },
          {
            "result": {
              "duration": 96042722,
              "error_message": "org.openqa.selenium.WebDriverException: unknown error: call function result missing \u0027value\u0027\n  (Session info: chrome\u003d65.0.3325.181)\n  (Driver info: chromedriver\u003d2.30.477700 (0057494ad8732195794a7b32078424f92a5fce41),platform\u003dWindows NT 6.3.9600 x86_64) (WARNING: The server did not provide any stacktrace information)\nCommand duration or timeout: 0 milliseconds\nBuild info: version: \u00273.5.3\u0027, revision: \u0027a88d25fe6b\u0027, time: \u00272017-08-29T12:42:44.417Z\u0027\nSystem info: host: \u0027DELL\u0027, ip: \u0027192.168.1.25\u0027, os.name: \u0027Windows 8.1\u0027, os.arch: \u0027amd64\u0027, os.version: \u00276.3\u0027, java.version: \u00271.8.0_121\u0027\nDriver info: org.openqa.selenium.chrome.ChromeDriver\nCapabilities [{applicationCacheEnabled\u003dfalse, rotatable\u003dfalse, mobileEmulationEnabled\u003dfalse, networkConnectionEnabled\u003dfalse, chrome\u003d{chromedriverVersion\u003d2.30.477700 (0057494ad8732195794a7b32078424f92a5fce41), userDataDir\u003dC:\\Windows\\TEMP\\scoped_dir8240_22396}, takesHeapSnapshot\u003dtrue, pageLoadStrategy\u003dnormal, unhandledPromptBehavior\u003d, databaseEnabled\u003dfalse, handlesAlerts\u003dtrue, hasTouchScreen\u003dfalse, version\u003d65.0.3325.181, platform\u003dWIN8_1, browserConnectionEnabled\u003dfalse, nativeEvents\u003dtrue, acceptSslCerts\u003dtrue, locationContextEnabled\u003dtrue, webStorageEnabled\u003dtrue, browserName\u003dchrome, takesScreenshot\u003dtrue, javascriptEnabled\u003dtrue, platformName\u003dWIN8_1, cssSelectorsEnabled\u003dtrue, unexpectedAlertBehaviour\u003d}]\nSession ID: 2860e6ac6f797ead92cbc825020aa55b\r\n\tat sun.reflect.NativeConstructorAccessorImpl.newInstance0(Native Method)\r\n\tat sun.reflect.NativeConstructorAccessorImpl.newInstance(Unknown Source)\r\n\tat sun.reflect.DelegatingConstructorAccessorImpl.newInstance(Unknown Source)\r\n\tat java.lang.reflect.Constructor.newInstance(Unknown Source)\r\n\tat org.openqa.selenium.remote.ErrorHandler.createThrowable(ErrorHandler.java:215)\r\n\tat org.openqa.selenium.remote.ErrorHandler.throwIfResponseFailed(ErrorHandler.java:167)\r\n\tat org.openqa.selenium.remote.http.JsonHttpResponseCodec.reconstructValue(JsonHttpResponseCodec.java:40)\r\n\tat org.openqa.selenium.remote.http.AbstractHttpResponseCodec.decode(AbstractHttpResponseCodec.java:82)\r\n\tat org.openqa.selenium.remote.http.AbstractHttpResponseCodec.decode(AbstractHttpResponseCodec.java:45)\r\n\tat org.openqa.selenium.remote.HttpCommandExecutor.execute(HttpCommandExecutor.java:164)\r\n\tat org.openqa.selenium.remote.service.DriverCommandExecutor.execute(DriverCommandExecutor.java:82)\r\n\tat org.openqa.selenium.remote.RemoteWebDriver.execute(RemoteWebDriver.java:646)\r\n\tat org.openqa.selenium.remote.RemoteWebElement.execute(RemoteWebElement.java:275)\r\n\tat org.openqa.selenium.remote.RemoteWebElement.sendKeys(RemoteWebElement.java:99)\r\n\tat com.stepdef.parameterTest.user_enters_UserName_and_Password(parameterTest.java:32)\r\n\tat ✽.And User enters \"testuser_2\" and \"Test@153\"(parameter.feature:6)\r\n",
              "status": "failed"
            },
            "line": 6,
            "name": "User enters \"testuser_2\" and \"Test@153\"",
            "match": {
              "arguments": [
                {
                  "val": "testuser_2",
                  "offset": 13
                },
                {
                  "val": "Test@153",
                  "offset": 30
                }
              ],
              "location": "parameterTest.user_enters_UserName_and_Password(String,String)"
            },
            "matchedColumns": [
              0,
              1
            ],
            "keyword": "And "
          },
          {
            "result": {
              "status": "skipped"
            },
            "line": 7,
            "name": "Message displayed Login Successfully",
            "match": {
              "location": "parameterTest.message_displayed_Login_Successfully()"
            },
            "keyword": "Then "
          }
        ]
      }
    ],
    "name": "Login Action",
    "description": "",
    "id": "login-action",
    "keyword": "Feature",
    "uri": "parameter.feature"
  }
]